<?xml version="1.0" encoding="utf-8"?><testsuites name="pytest tests"><testsuite name="pytest" errors="0" failures="0" skipped="0" tests="13" time="94.048" timestamp="2026-09-13T15:32:57.847370+00:00" hostname="agent-env-7cd19af2-f976-41d1-b0ca-989e550d4b27"><testcase classname="tests.test_bookings_bizum" name="test_online_checkout_charges_half" time="8.345" /><testcase classname="tests.test_bookings_bizum" name="test_reject_cash_payment" time="0.229" /><testcase classname="tests.test_bookings_bizum" name="test_default_schedule_and_public_config" time="0.190" /><testcase classname="tests.test_bookings_bizum" name="test_slots_respect_weekday_schedule_and_duration" time="0.573" /><testcase classname="tests.test_bookings_bizum" name="test_box_braids_mujer_bizum_with_extras" time="6.709" /><testcase classname="tests.test_bookings_bizum" name="test_boho_bizum" time="7.326" /><testcase classname="tests.test_bookings_bizum" name="test_daily_limit_allows_only_two_bookings" time="15.014" /><testcase classname="tests.test_bookings_bizum" name="test_service_duration_blocks_overlapping_slots" time="7.578" /><testcase classname="tests.test_bookings_bizum" name="test_admin_can_update_schedule_and_restore" time="0.665" /><testcase classname="tests.test_bookings_bizum" name="test_admin_can_update_catalog_content_and_prices" time="6.977" /><testcase classname="tests.test_bookings_bizum" name="test_custom_service_can_be_created_booked_and_removed" time="7.483" /><testcase classname="tests.test_bookings_bizum" name="test_waitlist_join_admin_and_opening_notification" time="22.396" /><testcase classname="tests.test_bookings_bizum" name="test_earnings_only_deposit" time="8.571" /></testsuite></testsuites>