<?xml version="1.0" encoding="utf-8"?><testsuites name="pytest tests"><testsuite name="pytest" errors="0" failures="0" skipped="0" tests="6" time="4.164" timestamp="2026-09-13T20:16:19.385153+00:00" hostname="agent-env-7cd19af2-f976-41d1-b0ca-989e550d4b27"><testcase classname="tests.test_theme_settings" name="test_config_returns_theme" time="0.424" /><testcase classname="tests.test_theme_settings" name="test_admin_settings_has_theme" time="0.668" /><testcase classname="tests.test_theme_settings" name="test_put_settings_temp_theme_then_restore" time="1.003" /><testcase classname="tests.test_theme_settings" name="test_put_settings_invalid_theme_rejected" time="0.173" /><testcase classname="tests.test_theme_settings" name="test_put_settings_invalid_short_hex_rejected" time="0.195" /><testcase classname="tests.test_theme_settings" name="test_final_theme_is_default_pink" time="0.478" /></testsuite></testsuites>